heyaski: Вошел в систему: 2024-05-22 21:36:51
heyaski: Добавлена новая информация Test: 2024-05-22 21:36:57
heyaski: Вошел в систему: 2024-05-22 21:44:25
heyaski: Добавил новое расписание: 2024-05-22 21:44:43
heyaski: 123 удален из системы: 2024-05-22 21:44:57
heyaski: Новость Test удалена из системы: 2024-05-22 21:45:15
heyaski: Вошел в систему: 2024-05-22 21:45:57
system: heyaski изменил пароль учетной записи: 2024-05-22 21:46:09
system: heyaski изменил настройки профиля: 2024-05-22 21:46:16
heyaski: Вышел из системы: 2024-05-22 21:46:24
heyaski: Вошел в систему: 2024-05-22 22:09:19
heyaski: Вышел из системы: 2024-05-22 22:09:25
heyaski: Вошел в систему: 2024-05-22 22:09:49
heyaski: Вышел из системы: 2024-05-22 22:09:57
heyaski: Вошел в систему: 2024-05-22 22:13:41
heyaski: Вышел из системы: 2024-05-22 22:13:47
heyaski: Вошел в систему: 2024-05-22 22:24:42
heyaski: Вошел в систему: 2024-05-22 22:25:19
heyaski: Вошел в систему: 2024-05-22 22:25:58
heyaski: Вошел в систему: 2024-05-22 22:26:27
heyaski: Вошел в систему: 2024-05-22 22:28:58
system: Информация о преподавателе 1 добавлена на страницу: 2024-05-22 22:29:11
heyaski: Вышел из системы: 2024-05-22 22:29:14
system: Неудачная попытка входа в аккаунт heyaski: 2024-05-22 22:30:39
system: Неудачная попытка входа в аккаунт heyaski2: 2024-05-22 22:30:49
heyaski: Вошел в систему: 2024-05-22 22:30:57
heyaski: Вышел из системы: 2024-05-22 22:30:58
heyaski: Вошел в систему: 2024-05-22 22:46:09
heyaski: Вошел в систему: 2024-05-22 22:52:27
heyaski: Вошел в систему: 2024-05-22 22:53:30
heyaski: Вышел из системы: 2024-05-22 22:53:43
heyaski: Вошел в систему: 2024-05-22 22:54:16
heyaski: Вышел из системы: 2024-05-22 22:54:21
heyaski: Вошел в систему: 2024-05-22 22:54:43
heyaski: Вышел из системы: 2024-05-22 22:55:00
heyaski: Вошел в систему: 2024-05-22 22:55:14
heyaski: Вышел из системы: 2024-05-22 22:55:20
heyaski: Вошел в систему: 2024-05-22 23:03:39
heyaski: Вышел из системы: 2024-05-22 23:03:48
heyaski: Вошел в систему: 2024-05-22 23:04:42
heyaski: Вышел из системы: 2024-05-22 23:04:49
heyaski: Вошел в систему: 2024-05-22 23:12:14
heyaski: Вышел из системы: 2024-05-22 23:12:20
heyaski: Вошел в систему: 2024-05-22 23:14:24
heyaski: Вышел из системы: 2024-05-22 23:14:53
heyaski: Вошел в систему: 2024-05-22 23:15:52
heyaski: Вышел из системы: 2024-05-22 23:15:59
heyaski: Вошел в систему: 2024-05-22 23:22:51
heyaski: Вышел из системы: 2024-05-22 23:23:01
heyaski: Вошел в систему: 2024-05-22 23:23:42
heyaski: Вышел из системы: 2024-05-22 23:24:03
heyaski: Вошел в систему: 2024-05-22 23:31:37
heyaski: Вошел в систему: 2024-05-22 23:33:05
heyaski: Вышел из системы: 2024-05-22 23:33:15
heyaski: Вошел в систему: 2024-05-22 23:36:00
heyaski: Добавил новое расписание: 2024-05-22 23:36:14
heyaski: Вышел из системы: 2024-05-22 23:36:25
heyaski: Вошел в систему: 2024-05-22 23:37:16
heyaski: Добавил новое расписание: 2024-05-22 23:37:32
heyaski: Вошел в систему: 2024-05-22 23:38:03
heyaski: Вошел в систему: 2024-05-22 23:44:37
heyaski: Вошел в систему: 2024-05-22 23:45:36
heyaski: Вошел в систему: 2024-05-22 23:46:02
heyaski: Вошел в систему: 2024-05-22 23:47:20
heyaski: Вошел в систему: 2024-05-22 23:47:59
heyaski: Вошел в систему: 2024-05-22 23:48:21
heyaski: Вошел в систему: 2024-05-22 23:48:52
heyaski: Вошел в систему: 2024-05-22 23:49:56
heyaski: Вошел в систему: 2024-05-22 23:50:22
heyaski: Вошел в систему: 2024-05-22 23:51:05
heyaski: Вошел в систему: 2024-05-22 23:51:26
heyaski: Вошел в систему: 2024-05-22 23:51:40
heyaski: Вошел в систему: 2024-05-22 23:52:05
heyaski: Вошел в систему: 2024-05-22 23:55:26
heyaski: Записался на занятие к Степан Руденко: 2024-05-22 23:55:38
7: Вошел в систему: 2024-05-22 23:57:49
7: Вышел из системы: 2024-05-22 23:57:57
7: Вошел в систему: 2024-05-23 00:00:07
7: Вышел из системы: 2024-05-23 00:00:29
heyaski: Вошел в систему: 2024-05-23 00:01:01
heyaski: Вышел из системы: 2024-05-23 00:01:06
heyaski: Вошел в систему: 2024-05-23 00:01:24
heyaski: Добавил новое расписание: 2024-05-23 00:01:34
heyaski: Вышел из системы: 2024-05-23 00:01:42
heyaski: Вошел в систему: 2024-05-23 00:01:58
heyaski: Вышел из системы: 2024-05-23 00:01:59
7: Вошел в систему: 2024-05-23 00:02:16
7: Записался на занятие к Степан Руденко: 2024-05-23 00:02:23
heyaski: Вошел в систему: 2024-05-23 00:03:45
heyaski: Добавил новое расписание: 2024-05-23 00:04:01
heyaski: Вышел из системы: 2024-05-23 00:04:08
7: Вошел в систему: 2024-05-23 00:04:13
7: Записался на занятие к Степан Руденко: 2024-05-23 00:04:27
system: 7 изменил настройки профиля: 2024-05-23 11:39:23
7: Вошел в систему: 2024-05-23 11:39:50
7: Вышел из системы: 2024-05-23 11:43:26
7: Вошел в систему: 2024-05-23 11:55:31
7: Вышел из системы: 2024-05-23 11:55:35
heyaski: Вошел в систему: 2024-05-23 12:05:56
heyaski: Вышел из системы: 2024-05-23 12:06:04
heyaski: Вошел в систему: 2024-05-23 12:08:44
heyaski: Вышел из системы: 2024-05-23 12:09:01
7: Вошел в систему: 2024-05-23 12:09:25
7: Вышел из системы: 2024-05-23 12:09:30
7: Вошел в систему: 2024-05-23 12:29:48
7: Вошел в систему: 2024-05-23 12:31:54
7: Вошел в систему: 2024-05-23 12:36:54
7: Вошел в систему: 2024-05-23 12:37:34
7: Вошел в систему: 2024-05-23 12:42:00
7: Вошел в систему: 2024-05-23 12:44:15
7: Вошел в систему: 2024-05-23 12:49:13
7: Вышел из системы: 2024-05-23 12:49:23
7: Вошел в систему: 2024-05-23 12:49:43
7: Вышел из системы: 2024-05-23 12:49:50
7: Вошел в систему: 2024-05-23 12:50:03
7: Вышел из системы: 2024-05-23 12:50:19
7: Вошел в систему: 2024-05-23 12:51:52
7: Записался на занятие к Степан Руденко: 2024-05-23 12:52:01
7: Вышел из системы: 2024-05-23 12:52:26
